<?xml version="1.0" encoding="UTF-8"?>
<!-- Generated by org.testng.reporters.JUnitReportReporter -->
<testsuite hostname="JincyAmal" failures="0" tests="5" name="test.FlycghTest" time="49.778" errors="0" timestamp="2024-07-16T11:47:34 IST" skipped="0">
  <testcase classname="test.FlycghTest" name="check_title" time="0.105"/>
  <system-out/>
  <testcase classname="test.FlycghTest" name="check_logo" time="0.071"/>
  <system-out/>
  <testcase classname="test.FlycghTest" name="check_links" time="2.235"/>
  <system-out/>
  <testcase classname="test.FlycghTest" name="check_brokenlink" time="47.238"/>
  <system-out/>
  <testcase classname="test.FlycghTest" name="check_buttons" time="0.129"/>
  <system-out/>
</testsuite> <!-- test.FlycghTest -->
