<?xml version="1.0" encoding="UTF-8"?>
<!-- Generated by org.testng.reporters.JUnitReportReporter -->
<testsuite hostname="JincyAmal" failures="0" tests="1" name="page.Fh_Title" time="0.007" errors="0" timestamp="2023-12-07T11:19:56 IST" skipped="0">
  <testcase classname="page.Fh_Title" name="check_title" time="0.007"/>
  <system-out/>
</testsuite> <!-- page.Fh_Title -->
